[1/10] Performing build step for 'bootloader'
[1/1] cmd.exe /C "cd /D D:\CODE\ESP32-IDF\esp32-idf-studying\DoAn\Smart_Switch_V1\build\bootloader\esp-idf\esptool_py && C:\Users\daoph\.espressif\python_env\idf5.0_py3.11_env\Scripts\python.exe C:/Users/daoph/.espressif/frameworks/esp-idf-v5.0.1/components/partition_table/check_sizes.py --offset 0x8000 bootloader 0x1000 D:/CODE/ESP32-IDF/esp32-idf-studying/DoAn/Smart_Switch_V1/build/bootloader/bootloader.bin"
Bootloader binary size 0x6710 bytes. 0x8f0 bytes (8%) free.
[2/8] Building C object esp-idf/main/CMakeFiles/__idf_main.dir/mqtt.c.obj
[3/8] Linking C static library esp-idf\main\libmain.a
[4/8] Generating ld/sections.ld
[5/8] Linking CXX executable do_an_chuyen_nganh.elf
FAILED: do_an_chuyen_nganh.elf 
cmd.exe /C "cd . && C:\Users\daoph\.espressif\tools\xtensa-esp32-elf\esp-2022r1-11.2.0\xtensa-esp32-elf\bin\xtensa-esp32-elf-g++.exe -mlongcalls -Wno-frame-address  @CMakeFiles\do_an_chuyen_nganh.elf.rsp -o do_an_chuyen_nganh.elf  && cd ."
c:/users/daoph/.espressif/tools/xtensa-esp32-elf/esp-2022r1-11.2.0/xtensa-esp32-elf/bin/../lib/gcc/xtensa-esp32-elf/11.2.0/../../../../xtensa-esp32-elf/bin/ld.exe: esp-idf/main/libmain.a(mqtt.c.obj):D:/CODE/ESP32-IDF/esp32-idf-studying/DoAn/Smart_Switch_V1/main/main.h:34: multiple definition of `result_test'; esp-idf/main/libmain.a(main.c.obj):D:/CODE/ESP32-IDF/esp32-idf-studying/DoAn/Smart_Switch_V1/main/main.h:34: first defined here
c:/users/daoph/.espressif/tools/xtensa-esp32-elf/esp-2022r1-11.2.0/xtensa-esp32-elf/bin/../lib/gcc/xtensa-esp32-elf/11.2.0/../../../../xtensa-esp32-elf/bin/ld.exe: esp-idf/main/libmain.a(mqtt.c.obj):D:/CODE/ESP32-IDF/esp32-idf-studying/DoAn/Smart_Switch_V1/main/main.h:32: multiple definition of `counter_loop'; esp-idf/main/libmain.a(main.c.obj):D:/CODE/ESP32-IDF/esp32-idf-studying/DoAn/Smart_Switch_V1/main/main.h:32: first defined here
c:/users/daoph/.espressif/tools/xtensa-esp32-elf/esp-2022r1-11.2.0/xtensa-esp32-elf/bin/../lib/gcc/xtensa-esp32-elf/11.2.0/../../../../xtensa-esp32-elf/bin/ld.exe: esp-idf/main/libmain.a(mqtt.c.obj):D:/CODE/ESP32-IDF/esp32-idf-studying/DoAn/Smart_Switch_V1/main/main.h:30: multiple definition of `is_connected_wifi'; esp-idf/main/libmain.a(main.c.obj):D:/CODE/ESP32-IDF/esp32-idf-studying/DoAn/Smart_Switch_V1/main/main.h:30: first defined here
c:/users/daoph/.espressif/tools/xtensa-esp32-elf/esp-2022r1-11.2.0/xtensa-esp32-elf/bin/../lib/gcc/xtensa-esp32-elf/11.2.0/../../../../xtensa-esp32-elf/bin/ld.exe: esp-idf/main/libmain.a(mqtt.c.obj):D:/CODE/ESP32-IDF/esp32-idf-studying/DoAn/Smart_Switch_V1/main/main.h:28: multiple definition of `timer_btn2'; esp-idf/main/libmain.a(main.c.obj):D:/CODE/ESP32-IDF/esp32-idf-studying/DoAn/Smart_Switch_V1/main/main.h:28: first defined here
c:/users/daoph/.espressif/tools/xtensa-esp32-elf/esp-2022r1-11.2.0/xtensa-esp32-elf/bin/../lib/gcc/xtensa-esp32-elf/11.2.0/../../../../xtensa-esp32-elf/bin/ld.exe: esp-idf/main/libmain.a(mqtt.c.obj):D:/CODE/ESP32-IDF/esp32-idf-studying/DoAn/Smart_Switch_V1/main/main.h:27: multiple definition of `timer_btn1'; esp-idf/main/libmain.a(main.c.obj):D:/CODE/ESP32-IDF/esp32-idf-studying/DoAn/Smart_Switch_V1/main/main.h:27: first defined here
c:/users/daoph/.espressif/tools/xtensa-esp32-elf/esp-2022r1-11.2.0/xtensa-esp32-elf/bin/../lib/gcc/xtensa-esp32-elf/11.2.0/../../../../xtensa-esp32-elf/bin/ld.exe: esp-idf/main/libmain.a(mqtt.c.obj):D:/CODE/ESP32-IDF/esp32-idf-studying/DoAn/Smart_Switch_V1/main/main.h:26: multiple definition of `key2_sta'; esp-idf/main/libmain.a(main.c.obj):D:/CODE/ESP32-IDF/esp32-idf-studying/DoAn/Smart_Switch_V1/main/main.h:26: first defined here
c:/users/daoph/.espressif/tools/xtensa-esp32-elf/esp-2022r1-11.2.0/xtensa-esp32-elf/bin/../lib/gcc/xtensa-esp32-elf/11.2.0/../../../../xtensa-esp32-elf/bin/ld.exe: esp-idf/main/libmain.a(mqtt.c.obj):D:/CODE/ESP32-IDF/esp32-idf-studying/DoAn/Smart_Switch_V1/main/main.h:25: multiple definition of `key1_sta'; esp-idf/main/libmain.a(main.c.obj):D:/CODE/ESP32-IDF/esp32-idf-studying/DoAn/Smart_Switch_V1/main/main.h:25: first defined here
collect2.exe: error: ld returned 1 exit status
ninja: build stopped: subcommand failed.
